<?xml version="1.0" encoding="UTF-8"?>
<!-- Generated by org.testng.reporters.JUnitXMLReporter -->
<testsuite ignored="0" hostname="LTP-APL-04966" failures="1" tests="4" name="Surefire test" time="11.977" errors="0" timestamp="2024-02-08T10:31:49 IST">
  <testcase classname="api.test.UserTests" name="testPostUser" time="4.452"/>
  <testcase classname="api.test.UserTests" name="testGetUserByName" time="1.894">
    <failure type="java.lang.AssertionError" message="expected:&amp;lt;404&amp;gt; but was:&amp;lt;200&amp;gt;">
      <![CDATA[java.lang.AssertionError: expected:<404> but was:<200>
at api.test.UserTests.testGetUserByName(UserTests.java:48)
at java.base/java.util.ArrayList.forEach(ArrayList.java:1511)
... Removed 37 stack frames]]>
    </failure>
  </testcase> <!-- testGetUserByName -->
  <testcase classname="api.test.UserTests" name="testUpdateUserByName" time="3.506"/>
  <testcase classname="api.test.UserTests" name="testDeleteUserByName" time="1.725"/>
</testsuite> <!-- Surefire test -->
